# JRE version: Java(TM) SE Runtime Environment (8.0_201-b09) (build 1.8.0_201-b09)
# Java VM: Java HotSpot(TM) 64-Bit Server VM (25.201-b09 mixed mode linux-amd64 compressed oops)
Heap:
 def new generation   total 29952K, used 0K [0x00000000c0000000, 0x00000000c2080000, 0x00000000d5550000)
  eden space 26624K,   0% used [0x00000000c0000000, 0x00000000c0000000, 0x00000000c1a00000)
  from space 3328K,   0% used [0x00000000c1a00000, 0x00000000c1a00000, 0x00000000c1d40000)
  to   space 3328K,   0% used [0x00000000c1d40000, 0x00000000c1d40000, 0x00000000c2080000)
 tenured generation   total 66604K, used 65576K [0x00000000d5550000, 0x00000000d965b000, 0x0000000100000000)
   the space 66604K,  98% used [0x00000000d5550000, 0x00000000d955a098, 0x00000000d955a200, 0x00000000d965b000)
 Metaspace       used 76066K, capacity 76912K, committed 77080K, reserved 1114112K
  class space    used 11352K, capacity 11537K, committed 11568K, reserved 1048576K
GC Heap History (10 events):
Event: 33.078 GC heap after
Heap after GC invocations=206 (full 4):
 def new generation   total 29952K, used 895K [0x00000000c0000000, 0x00000000c2080000, 0x00000000d5550000)
  eden space 26624K,   0% used [0x00000000c0000000, 0x00000000c0000000, 0x00000000c1a00000)
  from space 3328K,  26% used [0x00000000c1d40000, 0x00000000c1e1fd48, 0x00000000c2080000)
  to   space 3328K,   0% used [0x00000000c1a00000, 0x00000000c1a00000, 0x00000000c1d40000)
 tenured generation   total 66412K, used 66217K [0x00000000d5550000, 0x00000000d962b000, 0x0000000100000000)
   the space 66412K,  99% used [0x00000000d5550000, 0x00000000d95fa6e0, 0x00000000d95fa800, 0x00000000d962b000)
 Metaspace       used 76064K, capacity 76912K, committed 77080K, reserved 1114112K
  class space    used 11352K, capacity 11537K, committed 11568K, reserved 1048576K
}
Event: 33.245 GC heap before
{Heap before GC invocations=206 (full 4):
 def new generation   total 29952K, used 27519K [0x00000000c0000000, 0x00000000c2080000, 0x00000000d5550000)
  eden space 26624K, 100% used [0x00000000c0000000, 0x00000000c1a00000, 0x00000000c1a00000)
  from space 3328K,  26% used [0x00000000c1d40000, 0x00000000c1e1fd48, 0x00000000c2080000)
  to   space 3328K,   0% used [0x00000000c1a00000, 0x00000000c1a00000, 0x00000000c1d40000)
 tenured generation   total 66412K, used 66217K [0x00000000d5550000, 0x00000000d962b000, 0x0000000100000000)
   the space 66412K,  99% used [0x00000000d5550000, 0x00000000d95fa6e0, 0x00000000d95fa800, 0x00000000d962b000)
 Metaspace       used 76064K, capacity 76912K, committed 77080K, reserved 1114112K
  class space    used 11352K, capacity 11537K, committed 11568K, reserved 1048576K
Event: 33.252 GC heap after
Heap after GC invocations=207 (full 4):
 def new generation   total 29952K, used 1064K [0x00000000c0000000, 0x00000000c2080000, 0x00000000d5550000)
  eden space 26624K,   0% used [0x00000000c0000000, 0x00000000c0000000, 0x00000000c1a00000)
  from space 3328K,  31% used [0x00000000c1a00000, 0x00000000c1b0a178, 0x00000000c1d40000)
  to   space 3328K,   0% used [0x00000000c1d40000, 0x00000000c1d40000, 0x00000000c2080000)
 tenured generation   total 66412K, used 66217K [0x00000000d5550000, 0x00000000d962b000, 0x0000000100000000)
   the space 66412K,  99% used [0x00000000d5550000, 0x00000000d95fa6e0, 0x00000000d95fa800, 0x00000000d962b000)
 Metaspace       used 76064K, capacity 76912K, committed 77080K, reserved 1114112K
  class space    used 11352K, capacity 11537K, committed 11568K, reserved 1048576K
}
Event: 33.345 GC heap before
{Heap before GC invocations=207 (full 4):
 def new generation   total 29952K, used 27688K [0x00000000c0000000, 0x00000000c2080000, 0x00000000d5550000)
  eden space 26624K, 100% used [0x00000000c0000000, 0x00000000c1a00000, 0x00000000c1a00000)
  from space 3328K,  31% used [0x00000000c1a00000, 0x00000000c1b0a178, 0x00000000c1d40000)
  to   space 3328K,   0% used [0x00000000c1d40000, 0x00000000c1d40000, 0x00000000c2080000)
 tenured generation   total 66412K, used 66217K [0x00000000d5550000, 0x00000000d962b000, 0x0000000100000000)
   the space 66412K,  99% used [0x00000000d5550000, 0x00000000d95fa6e0, 0x00000000d95fa800, 0x00000000d962b000)
 Metaspace       used 76064K, capacity 76912K, committed 77080K, reserved 1114112K
  class space    used 11352K, capacity 11537K, committed 11568K, reserved 1048576K
Event: 33.381 GC heap after
Heap after GC invocations=208 (full 4):
 def new generation   total 29952K, used 1266K [0x00000000c0000000, 0x00000000c2080000, 0x00000000d5550000)
  eden space 26624K,   0% used [0x00000000c0000000, 0x00000000c0000000, 0x00000000c1a00000)
  from space 3328K,  38% used [0x00000000c1d40000, 0x00000000c1e7c8c0, 0x00000000c2080000)
  to   space 3328K,   0% used [0x00000000c1a00000, 0x00000000c1a00000, 0x00000000c1d40000)
 tenured generation   total 66412K, used 66217K [0x00000000d5550000, 0x00000000d962b000, 0x0000000100000000)
   the space 66412K,  99% used [0x00000000d5550000, 0x00000000d95fa6e0, 0x00000000d95fa800, 0x00000000d962b000)
 Metaspace       used 76064K, capacity 76912K, committed 77080K, reserved 1114112K
  class space    used 11352K, capacity 11537K, committed 11568K, reserved 1048576K
}
Event: 33.567 GC heap before
{Heap before GC invocations=208 (full 4):
 def new generation   total 29952K, used 27890K [0x00000000c0000000, 0x00000000c2080000, 0x00000000d5550000)
  eden space 26624K, 100% used [0x00000000c0000000, 0x00000000c1a00000, 0x00000000c1a00000)
  from space 3328K,  38% used [0x00000000c1d40000, 0x00000000c1e7c8c0, 0x00000000c2080000)
  to   space 3328K,   0% used [0x00000000c1a00000, 0x00000000c1a00000, 0x00000000c1d40000)
 tenured generation   total 66412K, used 66217K [0x00000000d5550000, 0x00000000d962b000, 0x0000000100000000)
   the space 66412K,  99% used [0x00000000d5550000, 0x00000000d95fa6e0, 0x00000000d95fa800, 0x00000000d962b000)
 Metaspace       used 76064K, capacity 76912K, committed 77080K, reserved 1114112K
  class space    used 11352K, capacity 11537K, committed 11568K, reserved 1048576K
Event: 33.570 GC heap after
Heap after GC invocations=209 (full 4):
 def new generation   total 29952K, used 1522K [0x00000000c0000000, 0x00000000c2080000, 0x00000000d5550000)
  eden space 26624K,   0% used [0x00000000c0000000, 0x00000000c0000000, 0x00000000c1a00000)
  from space 3328K,  45% used [0x00000000c1a00000, 0x00000000c1b7c9e8, 0x00000000c1d40000)
  to   space 3328K,   0% used [0x00000000c1d40000, 0x00000000c1d40000, 0x00000000c2080000)
 tenured generation   total 66412K, used 66217K [0x00000000d5550000, 0x00000000d962b000, 0x0000000100000000)
   the space 66412K,  99% used [0x00000000d5550000, 0x00000000d95fa6e0, 0x00000000d95fa800, 0x00000000d962b000)
 Metaspace       used 76064K, capacity 76912K, committed 77080K, reserved 1114112K
  class space    used 11352K, capacity 11537K, committed 11568K, reserved 1048576K
}
Event: 33.647 GC heap before
{Heap before GC invocations=209 (full 4):
 def new generation   total 29952K, used 28146K [0x00000000c0000000, 0x00000000c2080000, 0x00000000d5550000)
  eden space 26624K, 100% used [0x00000000c0000000, 0x00000000c1a00000, 0x00000000c1a00000)
  from space 3328K,  45% used [0x00000000c1a00000, 0x00000000c1b7c9e8, 0x00000000c1d40000)
  to   space 3328K,   0% used [0x00000000c1d40000, 0x00000000c1d40000, 0x00000000c2080000)
 tenured generation   total 66412K, used 66217K [0x00000000d5550000, 0x00000000d962b000, 0x0000000100000000)
   the space 66412K,  99% used [0x00000000d5550000, 0x00000000d95fa6e0, 0x00000000d95fa800, 0x00000000d962b000)
 Metaspace       used 76066K, capacity 76912K, committed 77080K, reserved 1114112K
  class space    used 11352K, capacity 11537K, committed 11568K, reserved 1048576K
Event: 33.653 GC heap after
Heap after GC invocations=210 (full 4):
 def new generation   total 29952K, used 1764K [0x00000000c0000000, 0x00000000c2080000, 0x00000000d5550000)
  eden space 26624K,   0% used [0x00000000c0000000, 0x00000000c0000000, 0x00000000c1a00000)
  from space 3328K,  53% used [0x00000000c1d40000, 0x00000000c1ef90a8, 0x00000000c2080000)
  to   space 3328K,   0% used [0x00000000c1a00000, 0x00000000c1a00000, 0x00000000c1d40000)
 tenured generation   total 66412K, used 66217K [0x00000000d5550000, 0x00000000d962b000, 0x0000000100000000)
   the space 66412K,  99% used [0x00000000d5550000, 0x00000000d95fa6e0, 0x00000000d95fa800, 0x00000000d962b000)
 Metaspace       used 76066K, capacity 76912K, committed 77080K, reserved 1114112K
  class space    used 11352K, capacity 11537K, committed 11568K, reserved 1048576K
}
Event: 33.941 GC heap before
{Heap before GC invocations=210 (full 4):
 def new generation   total 29952K, used 28388K [0x00000000c0000000, 0x00000000c2080000, 0x00000000d5550000)
  eden space 26624K, 100% used [0x00000000c0000000, 0x00000000c1a00000, 0x00000000c1a00000)
  from space 3328K,  53% used [0x00000000c1d40000, 0x00000000c1ef90a8, 0x00000000c2080000)
  to   space 3328K,   0% used [0x00000000c1a00000, 0x00000000c1a00000, 0x00000000c1d40000)
 tenured generation   total 66412K, used 66217K [0x00000000d5550000, 0x00000000d962b000, 0x0000000100000000)
   the space 66412K,  99% used [0x00000000d5550000, 0x00000000d95fa6e0, 0x00000000d95fa800, 0x00000000d962b000)
 Metaspace       used 76066K, capacity 76912K, committed 77080K, reserved 1114112K
  class space    used 11352K, capacity 11537K, committed 11568K, reserved 1048576K

