# JRE version: Java(TM) SE Runtime Environment (8.0_201-b09) (build 1.8.0_201-b09)
# Java VM: Java HotSpot(TM) 64-Bit Server VM (25.201-b09 mixed mode linux-amd64 compressed oops)
Heap:
 PSYoungGen      total 260096K, used 13295K [0x00000000eab00000, 0x00000000fde00000, 0x0000000100000000)
  eden space 246784K, 0% used [0x00000000eab00000,0x00000000eab00000,0x00000000f9c00000)
  from space 13312K, 99% used [0x00000000fd100000,0x00000000fddfbc38,0x00000000fde00000)
  to   space 13312K, 0% used [0x00000000f9c00000,0x00000000f9c00000,0x00000000fa900000)
 ParOldGen       total 71680K, used 24640K [0x00000000c0000000, 0x00000000c4600000, 0x00000000eab00000)
  object space 71680K, 34% used [0x00000000c0000000,0x00000000c18100a8,0x00000000c4600000)
 Metaspace       used 75268K, capacity 76072K, committed 76312K, reserved 1114112K
  class space    used 11299K, capacity 11483K, committed 11568K, reserved 1048576K
GC Heap History (10 events):
Event: 8.134 GC heap after
Heap after GC invocations=20 (full 3):
 PSYoungGen      total 195584K, used 6455K [0x00000000eab00000, 0x00000000f9500000, 0x0000000100000000)
  eden space 181248K, 0% used [0x00000000eab00000,0x00000000eab00000,0x00000000f5c00000)
  from space 14336K, 45% used [0x00000000f5c00000,0x00000000f624dcd8,0x00000000f6a00000)
  to   space 13824K, 0% used [0x00000000f8780000,0x00000000f8780000,0x00000000f9500000)
 ParOldGen       total 71680K, used 21372K [0x00000000c0000000, 0x00000000c4600000, 0x00000000eab00000)
  object space 71680K, 29% used [0x00000000c0000000,0x00000000c14df308,0x00000000c4600000)
 Metaspace       used 69824K, capacity 70372K, committed 70552K, reserved 1110016K
  class space    used 10461K, capacity 10591K, committed 10672K, reserved 1048576K
}
Event: 8.382 GC heap before
{Heap before GC invocations=21 (full 3):
 PSYoungGen      total 195584K, used 187703K [0x00000000eab00000, 0x00000000f9500000, 0x0000000100000000)
  eden space 181248K, 100% used [0x00000000eab00000,0x00000000f5c00000,0x00000000f5c00000)
  from space 14336K, 45% used [0x00000000f5c00000,0x00000000f624dcd8,0x00000000f6a00000)
  to   space 13824K, 0% used [0x00000000f8780000,0x00000000f8780000,0x00000000f9500000)
 ParOldGen       total 71680K, used 21372K [0x00000000c0000000, 0x00000000c4600000, 0x00000000eab00000)
  object space 71680K, 29% used [0x00000000c0000000,0x00000000c14df308,0x00000000c4600000)
 Metaspace       used 69887K, capacity 70468K, committed 70552K, reserved 1110016K
  class space    used 10473K, capacity 10623K, committed 10672K, reserved 1048576K
Event: 8.386 GC heap after
Heap after GC invocations=21 (full 3):
 PSYoungGen      total 224768K, used 6494K [0x00000000eab00000, 0x00000000f9380000, 0x0000000100000000)
  eden space 212480K, 0% used [0x00000000eab00000,0x00000000eab00000,0x00000000f7a80000)
  from space 12288K, 52% used [0x00000000f8780000,0x00000000f8dd79e8,0x00000000f9380000)
  to   space 12800K, 0% used [0x00000000f7a80000,0x00000000f7a80000,0x00000000f8700000)
 ParOldGen       total 71680K, used 21372K [0x00000000c0000000, 0x00000000c4600000, 0x00000000eab00000)
  object space 71680K, 29% used [0x00000000c0000000,0x00000000c14df308,0x00000000c4600000)
 Metaspace       used 69887K, capacity 70468K, committed 70552K, reserved 1110016K
  class space    used 10473K, capacity 10623K, committed 10672K, reserved 1048576K
}
Event: 8.661 GC heap before
{Heap before GC invocations=22 (full 3):
 PSYoungGen      total 224768K, used 218974K [0x00000000eab00000, 0x00000000f9380000, 0x0000000100000000)
  eden space 212480K, 100% used [0x00000000eab00000,0x00000000f7a80000,0x00000000f7a80000)
  from space 12288K, 52% used [0x00000000f8780000,0x00000000f8dd79e8,0x00000000f9380000)
  to   space 12800K, 0% used [0x00000000f7a80000,0x00000000f7a80000,0x00000000f8700000)
 ParOldGen       total 71680K, used 21372K [0x00000000c0000000, 0x00000000c4600000, 0x00000000eab00000)
  object space 71680K, 29% used [0x00000000c0000000,0x00000000c14df308,0x00000000c4600000)
 Metaspace       used 69956K, capacity 70474K, committed 70552K, reserved 1110016K
  class space    used 10492K, capacity 10624K, committed 10672K, reserved 1048576K
Event: 8.665 GC heap after
Heap after GC invocations=22 (full 3):
 PSYoungGen      total 225280K, used 5291K [0x00000000eab00000, 0x00000000fb800000, 0x0000000100000000)
  eden space 212480K, 0% used [0x00000000eab00000,0x00000000eab00000,0x00000000f7a80000)
  from space 12800K, 41% used [0x00000000f7a80000,0x00000000f7faac90,0x00000000f8700000)
  to   space 12800K, 0% used [0x00000000fab80000,0x00000000fab80000,0x00000000fb800000)
 ParOldGen       total 71680K, used 21380K [0x00000000c0000000, 0x00000000c4600000, 0x00000000eab00000)
  object space 71680K, 29% used [0x00000000c0000000,0x00000000c14e1308,0x00000000c4600000)
 Metaspace       used 69956K, capacity 70474K, committed 70552K, reserved 1110016K
  class space    used 10492K, capacity 10624K, committed 10672K, reserved 1048576K
}
Event: 10.215 GC heap before
{Heap before GC invocations=23 (full 3):
 PSYoungGen      total 225280K, used 217771K [0x00000000eab00000, 0x00000000fb800000, 0x0000000100000000)
  eden space 212480K, 100% used [0x00000000eab00000,0x00000000f7a80000,0x00000000f7a80000)
  from space 12800K, 41% used [0x00000000f7a80000,0x00000000f7faac90,0x00000000f8700000)
  to   space 12800K, 0% used [0x00000000fab80000,0x00000000fab80000,0x00000000fb800000)
 ParOldGen       total 71680K, used 21380K [0x00000000c0000000, 0x00000000c4600000, 0x00000000eab00000)
  object space 71680K, 29% used [0x00000000c0000000,0x00000000c14e1308,0x00000000c4600000)
 Metaspace       used 72749K, capacity 73338K, committed 73624K, reserved 1112064K
  class space    used 10928K, capacity 11065K, committed 11184K, reserved 1048576K
Event: 10.225 GC heap after
Heap after GC invocations=23 (full 3):
 PSYoungGen      total 257536K, used 9847K [0x00000000eab00000, 0x00000000fb600000, 0x0000000100000000)
  eden space 246784K, 0% used [0x00000000eab00000,0x00000000eab00000,0x00000000f9c00000)
  from space 10752K, 91% used [0x00000000fab80000,0x00000000fb51dd18,0x00000000fb600000)
  to   space 13312K, 0% used [0x00000000f9c00000,0x00000000f9c00000,0x00000000fa900000)
 ParOldGen       total 71680K, used 21388K [0x00000000c0000000, 0x00000000c4600000, 0x00000000eab00000)
  object space 71680K, 29% used [0x00000000c0000000,0x00000000c14e3308,0x00000000c4600000)
 Metaspace       used 72749K, capacity 73338K, committed 73624K, reserved 1112064K
  class space    used 10928K, capacity 11065K, committed 11184K, reserved 1048576K
}
Event: 10.710 GC heap before
{Heap before GC invocations=24 (full 3):
 PSYoungGen      total 257536K, used 256631K [0x00000000eab00000, 0x00000000fb600000, 0x0000000100000000)
  eden space 246784K, 100% used [0x00000000eab00000,0x00000000f9c00000,0x00000000f9c00000)
  from space 10752K, 91% used [0x00000000fab80000,0x00000000fb51dd18,0x00000000fb600000)
  to   space 13312K, 0% used [0x00000000f9c00000,0x00000000f9c00000,0x00000000fa900000)
 ParOldGen       total 71680K, used 21388K [0x00000000c0000000, 0x00000000c4600000, 0x00000000eab00000)
  object space 71680K, 29% used [0x00000000c0000000,0x00000000c14e3308,0x00000000c4600000)
 Metaspace       used 73209K, capacity 73882K, committed 74136K, reserved 1112064K
  class space    used 10982K, capacity 11145K, committed 11184K, reserved 1048576K
Event: 10.717 GC heap after
Heap after GC invocations=24 (full 3):
 PSYoungGen      total 260096K, used 8872K [0x00000000eab00000, 0x00000000fde00000, 0x0000000100000000)
  eden space 246784K, 0% used [0x00000000eab00000,0x00000000eab00000,0x00000000f9c00000)
  from space 13312K, 66% used [0x00000000f9c00000,0x00000000fa4aa3e8,0x00000000fa900000)
  to   space 13312K, 0% used [0x00000000fd100000,0x00000000fd100000,0x00000000fde00000)
 ParOldGen       total 71680K, used 21396K [0x00000000c0000000, 0x00000000c4600000, 0x00000000eab00000)
  object space 71680K, 29% used [0x00000000c0000000,0x00000000c14e5308,0x00000000c4600000)
 Metaspace       used 73209K, capacity 73882K, committed 74136K, reserved 1112064K
  class space    used 10982K, capacity 11145K, committed 11184K, reserved 1048576K
}
Event: 14.734 GC heap before
{Heap before GC invocations=25 (full 3):
 PSYoungGen      total 260096K, used 255603K [0x00000000eab00000, 0x00000000fde00000, 0x0000000100000000)
  eden space 246784K, 99% used [0x00000000eab00000,0x00000000f9bf2880,0x00000000f9c00000)
  from space 13312K, 66% used [0x00000000f9c00000,0x00000000fa4aa3e8,0x00000000fa900000)
  to   space 13312K, 0% used [0x00000000fd100000,0x00000000fd100000,0x00000000fde00000)
 ParOldGen       total 71680K, used 21396K [0x00000000c0000000, 0x00000000c4600000, 0x00000000eab00000)
  object space 71680K, 29% used [0x00000000c0000000,0x00000000c14e5308,0x00000000c4600000)
 Metaspace       used 75268K, capacity 76072K, committed 76312K, reserved 1114112K
  class space    used 11299K, capacity 11483K, committed 11568K, reserved 1048576K

