# JRE version: Java(TM) SE Runtime Environment (8.0_201-b09) (build 1.8.0_201-b09)
# Java VM: Java HotSpot(TM) 64-Bit Server VM (25.201-b09 mixed mode linux-amd64 compressed oops)
Heap:
 PSYoungGen      total 322560K, used 0K [0x00000000eab00000, 0x0000000100000000, 0x0000000100000000)
  eden space 305152K, 0% used [0x00000000eab00000,0x00000000eab00000,0x00000000fd500000)
  from space 17408K, 0% used [0x00000000fd500000,0x00000000fd500000,0x00000000fe600000)
  to   space 24064K, 0% used [0x00000000fe880000,0x00000000fe880000,0x0000000100000000)
 ParOldGen       total 71680K, used 64027K [0x00000000c0000000, 0x00000000c4600000, 0x00000000eab00000)
  object space 71680K, 89% used [0x00000000c0000000,0x00000000c3e86c58,0x00000000c4600000)
 Metaspace       used 75297K, capacity 76126K, committed 76328K, reserved 1114112K
  class space    used 11308K, capacity 11508K, committed 11568K, reserved 1048576K
GC Heap History (10 events):
Event: 9.752 GC heap after
Heap after GC invocations=22 (full 3):
 PSYoungGen      total 257536K, used 128K [0x00000000eab00000, 0x0000000100000000, 0x0000000100000000)
  eden space 243712K, 0% used [0x00000000eab00000,0x00000000eab00000,0x00000000f9900000)
  from space 13824K, 0% used [0x00000000f9900000,0x00000000f9920000,0x00000000fa680000)
  to   space 14336K, 0% used [0x00000000ff200000,0x00000000ff200000,0x0000000100000000)
 ParOldGen       total 71680K, used 26592K [0x00000000c0000000, 0x00000000c4600000, 0x00000000eab00000)
  object space 71680K, 37% used [0x00000000c0000000,0x00000000c19f83e0,0x00000000c4600000)
 Metaspace       used 70006K, capacity 70564K, committed 70824K, reserved 1110016K
  class space    used 10503K, capacity 10655K, committed 10672K, reserved 1048576K
}
Event: 12.097 GC heap before
{Heap before GC invocations=23 (full 3):
 PSYoungGen      total 257536K, used 242743K [0x00000000eab00000, 0x0000000100000000, 0x0000000100000000)
  eden space 243712K, 99% used [0x00000000eab00000,0x00000000f97eddf0,0x00000000f9900000)
  from space 13824K, 0% used [0x00000000f9900000,0x00000000f9920000,0x00000000fa680000)
  to   space 14336K, 0% used [0x00000000ff200000,0x00000000ff200000,0x0000000100000000)
 ParOldGen       total 71680K, used 26592K [0x00000000c0000000, 0x00000000c4600000, 0x00000000eab00000)
  object space 71680K, 37% used [0x00000000c0000000,0x00000000c19f83e0,0x00000000c4600000)
 Metaspace       used 73063K, capacity 73716K, committed 73896K, reserved 1112064K
  class space    used 10973K, capacity 11128K, committed 11184K, reserved 1048576K
Event: 12.105 GC heap after
Heap after GC invocations=23 (full 3):
 PSYoungGen      total 334848K, used 7311K [0x00000000eab00000, 0x00000000fff80000, 0x0000000100000000)
  eden space 321024K, 0% used [0x00000000eab00000,0x00000000eab00000,0x00000000fe480000)
  from space 13824K, 52% used [0x00000000ff200000,0x00000000ff923fe8,0x00000000fff80000)
  to   space 13824K, 0% used [0x00000000fe480000,0x00000000fe480000,0x00000000ff200000)
 ParOldGen       total 71680K, used 26644K [0x00000000c0000000, 0x00000000c4600000, 0x00000000eab00000)
  object space 71680K, 37% used [0x00000000c0000000,0x00000000c1a053f8,0x00000000c4600000)
 Metaspace       used 73063K, capacity 73716K, committed 73896K, reserved 1112064K
  class space    used 10973K, capacity 11128K, committed 11184K, reserved 1048576K
}
Event: 30.384 GC heap before
{Heap before GC invocations=24 (full 3):
 PSYoungGen      total 334848K, used 328335K [0x00000000eab00000, 0x00000000fff80000, 0x0000000100000000)
  eden space 321024K, 100% used [0x00000000eab00000,0x00000000fe480000,0x00000000fe480000)
  from space 13824K, 52% used [0x00000000ff200000,0x00000000ff923fe8,0x00000000fff80000)
  to   space 13824K, 0% used [0x00000000fe480000,0x00000000fe480000,0x00000000ff200000)
 ParOldGen       total 71680K, used 26644K [0x00000000c0000000, 0x00000000c4600000, 0x00000000eab00000)
  object space 71680K, 37% used [0x00000000c0000000,0x00000000c1a053f8,0x00000000c4600000)
 Metaspace       used 74340K, capacity 75018K, committed 75176K, reserved 1114112K
  class space    used 11174K, capacity 11347K, committed 11440K, reserved 1048576K
Event: 30.406 GC heap after
Heap after GC invocations=24 (full 3):
 PSYoungGen      total 334848K, used 3670K [0x00000000eab00000, 0x0000000100000000, 0x0000000100000000)
  eden space 321024K, 0% used [0x00000000eab00000,0x00000000eab00000,0x00000000fe480000)
  from space 13824K, 26% used [0x00000000fe480000,0x00000000fe815a68,0x00000000ff200000)
  to   space 13824K, 0% used [0x00000000ff280000,0x00000000ff280000,0x0000000100000000)
 ParOldGen       total 71680K, used 28840K [0x00000000c0000000, 0x00000000c4600000, 0x00000000eab00000)
  object space 71680K, 40% used [0x00000000c0000000,0x00000000c1c2a0d0,0x00000000c4600000)
 Metaspace       used 74340K, capacity 75018K, committed 75176K, reserved 1114112K
  class space    used 11174K, capacity 11347K, committed 11440K, reserved 1048576K
}
Event: 31.184 GC heap before
{Heap before GC invocations=25 (full 3):
 PSYoungGen      total 334848K, used 324694K [0x00000000eab00000, 0x0000000100000000, 0x0000000100000000)
  eden space 321024K, 100% used [0x00000000eab00000,0x00000000fe480000,0x00000000fe480000)
  from space 13824K, 26% used [0x00000000fe480000,0x00000000fe815a68,0x00000000ff200000)
  to   space 13824K, 0% used [0x00000000ff280000,0x00000000ff280000,0x0000000100000000)
 ParOldGen       total 71680K, used 28840K [0x00000000c0000000, 0x00000000c4600000, 0x00000000eab00000)
  object space 71680K, 40% used [0x00000000c0000000,0x00000000c1c2a0d0,0x00000000c4600000)
 Metaspace       used 75292K, capacity 76138K, committed 76328K, reserved 1114112K
  class space    used 11307K, capacity 11509K, committed 11568K, reserved 1048576K
Event: 38.113 GC heap after
Heap after GC invocations=25 (full 3):
 PSYoungGen      total 318976K, used 13805K [0x00000000eab00000, 0x0000000100000000, 0x0000000100000000)
  eden space 305152K, 0% used [0x00000000eab00000,0x00000000eab00000,0x00000000fd500000)
  from space 13824K, 99% used [0x00000000ff280000,0x00000000ffffb458,0x0000000100000000)
  to   space 22016K, 0% used [0x00000000fd500000,0x00000000fd500000,0x00000000fea80000)
 ParOldGen       total 71680K, used 45509K [0x00000000c0000000, 0x00000000c4600000, 0x00000000eab00000)
  object space 71680K, 63% used [0x00000000c0000000,0x00000000c2c71790,0x00000000c4600000)
 Metaspace       used 75292K, capacity 76138K, committed 76328K, reserved 1114112K
  class space    used 11307K, capacity 11509K, committed 11568K, reserved 1048576K
}
Event: 48.662 GC heap before
{Heap before GC invocations=26 (full 3):
 PSYoungGen      total 318976K, used 316791K [0x00000000eab00000, 0x0000000100000000, 0x0000000100000000)
  eden space 305152K, 99% used [0x00000000eab00000,0x00000000fd2e2ae8,0x00000000fd500000)
  from space 13824K, 99% used [0x00000000ff280000,0x00000000ffffb458,0x0000000100000000)
  to   space 22016K, 0% used [0x00000000fd500000,0x00000000fd500000,0x00000000fea80000)
 ParOldGen       total 71680K, used 45509K [0x00000000c0000000, 0x00000000c4600000, 0x00000000eab00000)
  object space 71680K, 63% used [0x00000000c0000000,0x00000000c2c71790,0x00000000c4600000)
 Metaspace       used 75306K, capacity 76144K, committed 76328K, reserved 1114112K
  class space    used 11310K, capacity 11511K, committed 11568K, reserved 1048576K
Event: 49.648 GC heap after
Heap after GC invocations=26 (full 3):
 PSYoungGen      total 322560K, used 17227K [0x00000000eab00000, 0x0000000100000000, 0x0000000100000000)
  eden space 305152K, 0% used [0x00000000eab00000,0x00000000eab00000,0x00000000fd500000)
  from space 17408K, 98% used [0x00000000fd500000,0x00000000fe5d2c68,0x00000000fe600000)
  to   space 24064K, 0% used [0x00000000fe880000,0x00000000fe880000,0x0000000100000000)
 ParOldGen       total 71680K, used 60422K [0x00000000c0000000, 0x00000000c4600000, 0x00000000eab00000)
  object space 71680K, 84% used [0x00000000c0000000,0x00000000c3b01ba8,0x00000000c4600000)
 Metaspace       used 75306K, capacity 76144K, committed 76328K, reserved 1114112K
  class space    used 11310K, capacity 11511K, committed 11568K, reserved 1048576K
}
Event: 49.699 GC heap before
{Heap before GC invocations=27 (full 4):
 PSYoungGen      total 322560K, used 17227K [0x00000000eab00000, 0x0000000100000000, 0x0000000100000000)
  eden space 305152K, 0% used [0x00000000eab00000,0x00000000eab00000,0x00000000fd500000)
  from space 17408K, 98% used [0x00000000fd500000,0x00000000fe5d2c68,0x00000000fe600000)
  to   space 24064K, 0% used [0x00000000fe880000,0x00000000fe880000,0x0000000100000000)
 ParOldGen       total 71680K, used 60422K [0x00000000c0000000, 0x00000000c4600000, 0x00000000eab00000)
  object space 71680K, 84% used [0x00000000c0000000,0x00000000c3b01ba8,0x00000000c4600000)
 Metaspace       used 75306K, capacity 76144K, committed 76328K, reserved 1114112K
  class space    used 11310K, capacity 11511K, committed 11568K, reserved 1048576K

